<?xml version="1.0"?>
<testsuite name="Chrome 81.0.4044 (Windows 10.0.0)" package="" timestamp="2020-05-13T03:20:22" id="0" hostname="DESKTOP-HTI0BOT" tests="6" errors="1" failures="1" time="2.723">
  <properties>
    <property name="browser.fullName" value="Mozilla/5.0 (Windows NT 10.0; Win64; x64) AppleWebKit/537.36 (KHTML, like Gecko) Chrome/81.0.4044.138 Safari/537.36"/>
  </properties>
  <testcase name="LoginComponent should create and identify components" time="0.7" classname="Chrome_81_0_4044_(Windows_10_0_0).LoginComponent"/>
  <testcase name="LoginComponent form invalid when empty" time="0.375" classname="Chrome_81_0_4044_(Windows_10_0_0).LoginComponent"/>
  <testcase name="LoginComponent should click remember me change value" time="0.304" classname="Chrome_81_0_4044_(Windows_10_0_0).LoginComponent"/>
  <testcase name="LoginComponent username field validity" time="0.338" classname="Chrome_81_0_4044_(Windows_10_0_0).LoginComponent"/>
  <testcase name="LoginComponent password field validity" time="0.338" classname="Chrome_81_0_4044_(Windows_10_0_0).LoginComponent"/>
  <testcase name="LoginComponent submitting a form emits a user while remeber me is true" time="0.668" classname="Chrome_81_0_4044_(Windows_10_0_0).LoginComponent">
    <failure type="">Expected spy navigate to have been called.
    at UserContext.&lt;anonymous&gt; (src/app/learner/pages/login/login.component.spec.ts:156:40)
    at ZoneDelegate../node_modules/zone.js/dist/zone.js.ZoneDelegate.invoke (node_modules/zone.js/dist/zone.js:391:1)
    at ProxyZoneSpec.push../node_modules/zone.js/dist/zone-testing.js.ProxyZoneSpec.onInvoke (node_modules/zone.js/dist/zone-testing.js:289:1)
    at ZoneDelegate../node_modules/zone.js/dist/zone.js.ZoneDelegate.invoke (node_modules/zone.js/dist/zone.js:390:1)
</failure>
    <failure type="">Expected spy navigate to have been called with [ [ '/Learner/MyCourse' ] ] but it was never called.
    at UserContext.&lt;anonymous&gt; (src/app/learner/pages/login/login.component.spec.ts:157:40)
    at ZoneDelegate../node_modules/zone.js/dist/zone.js.ZoneDelegate.invoke (node_modules/zone.js/dist/zone.js:391:1)
    at ProxyZoneSpec.push../node_modules/zone.js/dist/zone-testing.js.ProxyZoneSpec.onInvoke (node_modules/zone.js/dist/zone-testing.js:289:1)
    at ZoneDelegate../node_modules/zone.js/dist/zone.js.ZoneDelegate.invoke (node_modules/zone.js/dist/zone.js:390:1)
</failure>
  </testcase>
  <system-out>
    <![CDATA[Chrome 81.0.4044 (Windows 10.0.0) LOG: 'inside comp'
,Chrome 81.0.4044 (Windows 10.0.0) LOG: 'inside comp'
,Chrome 81.0.4044 (Windows 10.0.0) LOG: Object{data: Object{login: Object{success: ..., error_msg: ..., message: ..., __typename: ...}}}
,Chrome 81.0.4044 (Windows 10.0.0) ERROR
  {
    "message": "An error was thrown in afterAll\nUncaught Error: Client has not been defined yet thrown",
    "str": "An error was thrown in afterAll\nUncaught Error: Client has not been defined yet thrown"
  }

]]>
  </system-out>
  <system-err/>
</testsuite>